# JRE version: Java(TM) SE Runtime Environment (17.0.11+7) (build 17.0.11+7-LTS-207)
# Java VM: Java HotSpot(TM) 64-Bit Server VM (17.0.11+7-LTS-207, mixed mode, sharing, tiered, compressed oops, compressed class ptrs, g1 gc, bsd-amd64)
Heap:
 garbage-first heap   total 262144K, used 79165K [0x00000007e0000000, 0x0000000800000000)
  region size 1024K, 47 young (48128K), 10 survivors (10240K)
 Metaspace       used 51822K, committed 52352K, reserved 393216K
  class space    used 7626K, committed 7872K, reserved 327680K
GC Heap History (16 events):
Event: 0.820 GC heap before
{Heap before GC invocations=0 (full 0):
 garbage-first heap   total 264192K, used 13272K [0x00000007e0000000, 0x0000000800000000)
  region size 1024K, 13 young (13312K), 0 survivors (0K)
 Metaspace       used 971K, committed 1088K, reserved 393216K
  class space    used 77K, committed 128K, reserved 327680K
}
Event: 0.826 GC heap after
{Heap after GC invocations=1 (full 0):
 garbage-first heap   total 264192K, used 2793K [0x00000007e0000000, 0x0000000800000000)
  region size 1024K, 2 young (2048K), 2 survivors (2048K)
 Metaspace       used 971K, committed 1088K, reserved 393216K
  class space    used 77K, committed 128K, reserved 327680K
}
Event: 1.935 GC heap before
{Heap before GC invocations=1 (full 0):
 garbage-first heap   total 264192K, used 29417K [0x00000007e0000000, 0x0000000800000000)
  region size 1024K, 25 young (25600K), 2 survivors (2048K)
 Metaspace       used 3953K, committed 4160K, reserved 393216K
  class space    used 511K, committed 640K, reserved 327680K
}
Event: 1.941 GC heap after
{Heap after GC invocations=2 (full 0):
 garbage-first heap   total 264192K, used 12039K [0x00000007e0000000, 0x0000000800000000)
  region size 1024K, 4 young (4096K), 4 survivors (4096K)
 Metaspace       used 3953K, committed 4160K, reserved 393216K
  class space    used 511K, committed 640K, reserved 327680K
}
Event: 2.382 GC heap before
{Heap before GC invocations=2 (full 0):
 garbage-first heap   total 264192K, used 39687K [0x00000007e0000000, 0x0000000800000000)
  region size 1024K, 29 young (29696K), 4 survivors (4096K)
 Metaspace       used 4477K, committed 4672K, reserved 393216K
  class space    used 602K, committed 704K, reserved 327680K
}
Event: 2.392 GC heap after
{Heap after GC invocations=3 (full 0):
 garbage-first heap   total 264192K, used 17227K [0x00000007e0000000, 0x0000000800000000)
  region size 1024K, 4 young (4096K), 4 survivors (4096K)
 Metaspace       used 4477K, committed 4672K, reserved 393216K
  class space    used 602K, committed 704K, reserved 327680K
}
Event: 5.395 GC heap before
{Heap before GC invocations=3 (full 0):
 garbage-first heap   total 264192K, used 121675K [0x00000007e0000000, 0x0000000800000000)
  region size 1024K, 107 young (109568K), 4 survivors (4096K)
 Metaspace       used 21278K, committed 21504K, reserved 393216K
  class space    used 3197K, committed 3328K, reserved 327680K
}
Event: 5.408 GC heap after
{Heap after GC invocations=4 (full 0):
 garbage-first heap   total 264192K, used 23371K [0x00000007e0000000, 0x0000000800000000)
  region size 1024K, 10 young (10240K), 10 survivors (10240K)
 Metaspace       used 21278K, committed 21504K, reserved 393216K
  class space    used 3197K, committed 3328K, reserved 327680K
}
Event: 8.057 GC heap before
{Heap before GC invocations=5 (full 0):
 garbage-first heap   total 262144K, used 146251K [0x00000007e0000000, 0x0000000800000000)
  region size 1024K, 127 young (130048K), 10 survivors (10240K)
 Metaspace       used 35758K, committed 36160K, reserved 393216K
  class space    used 5098K, committed 5312K, reserved 327680K
}
Event: 8.084 GC heap after
{Heap after GC invocations=6 (full 0):
 garbage-first heap   total 262144K, used 33059K [0x00000007e0000000, 0x0000000800000000)
  region size 1024K, 20 young (20480K), 20 survivors (20480K)
 Metaspace       used 35758K, committed 36160K, reserved 393216K
  class space    used 5098K, committed 5312K, reserved 327680K
}
Event: 8.104 GC heap before
{Heap before GC invocations=6 (full 0):
 garbage-first heap   total 262144K, used 34083K [0x00000007e0000000, 0x0000000800000000)
  region size 1024K, 21 young (21504K), 20 survivors (20480K)
 Metaspace       used 35879K, committed 36288K, reserved 393216K
  class space    used 5116K, committed 5312K, reserved 327680K
}
Event: 8.141 GC heap after
{Heap after GC invocations=7 (full 0):
 garbage-first heap   total 262144K, used 33638K [0x00000007e0000000, 0x0000000800000000)
  region size 1024K, 2 young (2048K), 2 survivors (2048K)
 Metaspace       used 35879K, committed 36288K, reserved 393216K
  class space    used 5116K, committed 5312K, reserved 327680K
}
Event: 8.174 GC heap before
{Heap before GC invocations=7 (full 0):
 garbage-first heap   total 262144K, used 34662K [0x00000007e0000000, 0x0000000800000000)
  region size 1024K, 4 young (4096K), 2 survivors (2048K)
 Metaspace       used 36060K, committed 36480K, reserved 393216K
  class space    used 5138K, committed 5376K, reserved 327680K
}
Event: 8.178 GC heap after
{Heap after GC invocations=8 (full 0):
 garbage-first heap   total 262144K, used 32317K [0x00000007e0000000, 0x0000000800000000)
  region size 1024K, 1 young (1024K), 1 survivors (1024K)
 Metaspace       used 36060K, committed 36480K, reserved 393216K
  class space    used 5138K, committed 5376K, reserved 327680K
}
Event: 11.684 GC heap before
{Heap before GC invocations=9 (full 0):
 garbage-first heap   total 262144K, used 190013K [0x00000007e0000000, 0x0000000800000000)
  region size 1024K, 153 young (156672K), 1 survivors (1024K)
 Metaspace       used 49076K, committed 49664K, reserved 393216K
  class space    used 7143K, committed 7424K, reserved 327680K
}
Event: 11.722 GC heap after
{Heap after GC invocations=10 (full 0):
 garbage-first heap   total 262144K, used 41277K [0x00000007e0000000, 0x0000000800000000)
  region size 1024K, 10 young (10240K), 10 survivors (10240K)
 Metaspace       used 49076K, committed 49664K, reserved 393216K
  class space    used 7143K, committed 7424K, reserved 327680K
}

