# JRE version: Java(TM) SE Runtime Environment (17.0.11+7) (build 17.0.11+7-LTS-207)
# Java VM: Java HotSpot(TM) 64-Bit Server VM (17.0.11+7-LTS-207, mixed mode, sharing, tiered, compressed oops, compressed class ptrs, g1 gc, bsd-amd64)
Heap:
 garbage-first heap   total 262144K, used 79367K [0x00000007e0000000, 0x0000000800000000)
  region size 1024K, 48 young (49152K), 10 survivors (10240K)
 Metaspace       used 51851K, committed 52352K, reserved 393216K
  class space    used 7626K, committed 7872K, reserved 327680K
GC Heap History (16 events):
Event: 0.694 GC heap before
{Heap before GC invocations=0 (full 0):
 garbage-first heap   total 264192K, used 13272K [0x00000007e0000000, 0x0000000800000000)
  region size 1024K, 13 young (13312K), 0 survivors (0K)
 Metaspace       used 969K, committed 1088K, reserved 393216K
  class space    used 77K, committed 128K, reserved 327680K
}
Event: 0.698 GC heap after
{Heap after GC invocations=1 (full 0):
 garbage-first heap   total 264192K, used 2726K [0x00000007e0000000, 0x0000000800000000)
  region size 1024K, 2 young (2048K), 2 survivors (2048K)
 Metaspace       used 969K, committed 1088K, reserved 393216K
  class space    used 77K, committed 128K, reserved 327680K
}
Event: 2.014 GC heap before
{Heap before GC invocations=1 (full 0):
 garbage-first heap   total 264192K, used 29350K [0x00000007e0000000, 0x0000000800000000)
  region size 1024K, 25 young (25600K), 2 survivors (2048K)
 Metaspace       used 3973K, committed 4160K, reserved 393216K
  class space    used 511K, committed 640K, reserved 327680K
}
Event: 2.020 GC heap after
{Heap after GC invocations=2 (full 0):
 garbage-first heap   total 264192K, used 11945K [0x00000007e0000000, 0x0000000800000000)
  region size 1024K, 4 young (4096K), 4 survivors (4096K)
 Metaspace       used 3973K, committed 4160K, reserved 393216K
  class space    used 511K, committed 640K, reserved 327680K
}
Event: 2.525 GC heap before
{Heap before GC invocations=2 (full 0):
 garbage-first heap   total 264192K, used 40617K [0x00000007e0000000, 0x0000000800000000)
  region size 1024K, 30 young (30720K), 4 survivors (4096K)
 Metaspace       used 4605K, committed 4736K, reserved 393216K
  class space    used 620K, committed 704K, reserved 327680K
}
Event: 2.534 GC heap after
{Heap after GC invocations=3 (full 0):
 garbage-first heap   total 264192K, used 17165K [0x00000007e0000000, 0x0000000800000000)
  region size 1024K, 4 young (4096K), 4 survivors (4096K)
 Metaspace       used 4605K, committed 4736K, reserved 393216K
  class space    used 620K, committed 704K, reserved 327680K
}
Event: 5.330 GC heap before
{Heap before GC invocations=3 (full 0):
 garbage-first heap   total 264192K, used 120589K [0x00000007e0000000, 0x0000000800000000)
  region size 1024K, 106 young (108544K), 4 survivors (4096K)
 Metaspace       used 21219K, committed 21504K, reserved 393216K
  class space    used 3182K, committed 3328K, reserved 327680K
}
Event: 5.345 GC heap after
{Heap after GC invocations=4 (full 0):
 garbage-first heap   total 264192K, used 23421K [0x00000007e0000000, 0x0000000800000000)
  region size 1024K, 11 young (11264K), 11 survivors (11264K)
 Metaspace       used 21219K, committed 21504K, reserved 393216K
  class space    used 3182K, committed 3328K, reserved 327680K
}
Event: 7.995 GC heap before
{Heap before GC invocations=5 (full 0):
 garbage-first heap   total 262144K, used 146301K [0x00000007e0000000, 0x0000000800000000)
  region size 1024K, 128 young (131072K), 11 survivors (11264K)
 Metaspace       used 35667K, committed 36096K, reserved 393216K
  class space    used 5079K, committed 5312K, reserved 327680K
}
Event: 8.026 GC heap after
{Heap after GC invocations=6 (full 0):
 garbage-first heap   total 262144K, used 32997K [0x00000007e0000000, 0x0000000800000000)
  region size 1024K, 20 young (20480K), 20 survivors (20480K)
 Metaspace       used 35667K, committed 36096K, reserved 393216K
  class space    used 5079K, committed 5312K, reserved 327680K
}
Event: 8.042 GC heap before
{Heap before GC invocations=6 (full 0):
 garbage-first heap   total 262144K, used 32997K [0x00000007e0000000, 0x0000000800000000)
  region size 1024K, 21 young (21504K), 20 survivors (20480K)
 Metaspace       used 35773K, committed 36224K, reserved 393216K
  class space    used 5097K, committed 5312K, reserved 327680K
}
Event: 8.072 GC heap after
{Heap after GC invocations=7 (full 0):
 garbage-first heap   total 262144K, used 33645K [0x00000007e0000000, 0x0000000800000000)
  region size 1024K, 2 young (2048K), 2 survivors (2048K)
 Metaspace       used 35773K, committed 36224K, reserved 393216K
  class space    used 5097K, committed 5312K, reserved 327680K
}
Event: 8.118 GC heap before
{Heap before GC invocations=7 (full 0):
 garbage-first heap   total 262144K, used 34669K [0x00000007e0000000, 0x0000000800000000)
  region size 1024K, 4 young (4096K), 2 survivors (2048K)
 Metaspace       used 35979K, committed 36416K, reserved 393216K
  class space    used 5127K, committed 5312K, reserved 327680K
}
Event: 8.121 GC heap after
{Heap after GC invocations=8 (full 0):
 garbage-first heap   total 262144K, used 32355K [0x00000007e0000000, 0x0000000800000000)
  region size 1024K, 1 young (1024K), 1 survivors (1024K)
 Metaspace       used 35979K, committed 36416K, reserved 393216K
  class space    used 5127K, committed 5312K, reserved 327680K
}
Event: 11.629 GC heap before
{Heap before GC invocations=9 (full 0):
 garbage-first heap   total 262144K, used 189027K [0x00000007e0000000, 0x0000000800000000)
  region size 1024K, 153 young (156672K), 1 survivors (1024K)
 Metaspace       used 48979K, committed 49536K, reserved 393216K
  class space    used 7136K, committed 7424K, reserved 327680K
}
Event: 11.662 GC heap after
{Heap after GC invocations=10 (full 0):
 garbage-first heap   total 262144K, used 41210K [0x00000007e0000000, 0x0000000800000000)
  region size 1024K, 10 young (10240K), 10 survivors (10240K)
 Metaspace       used 48979K, committed 49536K, reserved 393216K
  class space    used 7136K, committed 7424K, reserved 327680K
}

