# JRE version: Java(TM) SE Runtime Environment (17.0.11+7) (build 17.0.11+7-LTS-207)
# Java VM: Java HotSpot(TM) 64-Bit Server VM (17.0.11+7-LTS-207, mixed mode, sharing, tiered, compressed oops, compressed class ptrs, g1 gc, bsd-amd64)
Heap:
 garbage-first heap   total 262144K, used 183077K [0x00000007e0000000, 0x0000000800000000)
  region size 1024K, 74 young (75776K), 8 survivors (8192K)
 Metaspace       used 82153K, committed 83072K, reserved 458752K
  class space    used 11402K, committed 11840K, reserved 327680K
GC Heap History (20 events):
Event: 8.044 GC heap before
{Heap before GC invocations=3 (full 0):
 garbage-first heap   total 264192K, used 118537K [0x00000007e0000000, 0x0000000800000000)
  region size 1024K, 104 young (106496K), 4 survivors (4096K)
 Metaspace       used 21218K, committed 21504K, reserved 393216K
  class space    used 3203K, committed 3328K, reserved 327680K
}
Event: 8.090 GC heap after
{Heap after GC invocations=4 (full 0):
 garbage-first heap   total 264192K, used 23403K [0x00000007e0000000, 0x0000000800000000)
  region size 1024K, 11 young (11264K), 11 survivors (11264K)
 Metaspace       used 21218K, committed 21504K, reserved 393216K
  class space    used 3203K, committed 3328K, reserved 327680K
}
Event: 12.568 GC heap before
{Heap before GC invocations=5 (full 0):
 garbage-first heap   total 262144K, used 157547K [0x00000007e0000000, 0x0000000800000000)
  region size 1024K, 128 young (131072K), 11 survivors (11264K)
 Metaspace       used 35564K, committed 35968K, reserved 393216K
  class space    used 5042K, committed 5248K, reserved 327680K
}
Event: 12.617 GC heap after
{Heap after GC invocations=6 (full 0):
 garbage-first heap   total 262144K, used 45374K [0x00000007e0000000, 0x0000000800000000)
  region size 1024K, 20 young (20480K), 20 survivors (20480K)
 Metaspace       used 35564K, committed 35968K, reserved 393216K
  class space    used 5042K, committed 5248K, reserved 327680K
}
Event: 16.930 GC heap before
{Heap before GC invocations=7 (full 0):
 garbage-first heap   total 262144K, used 167230K [0x00000007e0000000, 0x0000000800000000)
  region size 1024K, 129 young (132096K), 20 survivors (20480K)
 Metaspace       used 47287K, committed 47872K, reserved 393216K
  class space    used 6749K, committed 7040K, reserved 327680K
}
Event: 17.012 GC heap after
{Heap after GC invocations=8 (full 0):
 garbage-first heap   total 262144K, used 63856K [0x00000007e0000000, 0x0000000800000000)
  region size 1024K, 10 young (10240K), 10 survivors (10240K)
 Metaspace       used 47287K, committed 47872K, reserved 393216K
  class space    used 6749K, committed 7040K, reserved 327680K
}
Event: 21.770 GC heap before
{Heap before GC invocations=8 (full 0):
 garbage-first heap   total 262144K, used 177520K [0x00000007e0000000, 0x0000000800000000)
  region size 1024K, 122 young (124928K), 10 survivors (10240K)
 Metaspace       used 59718K, committed 60288K, reserved 393216K
  class space    used 8514K, committed 8768K, reserved 327680K
}
Event: 21.815 GC heap after
{Heap after GC invocations=9 (full 0):
 garbage-first heap   total 262144K, used 70955K [0x00000007e0000000, 0x0000000800000000)
  region size 1024K, 17 young (17408K), 17 survivors (17408K)
 Metaspace       used 59718K, committed 60288K, reserved 393216K
  class space    used 8514K, committed 8768K, reserved 327680K
}
Event: 25.934 GC heap before
{Heap before GC invocations=10 (full 0):
 garbage-first heap   total 262144K, used 210219K [0x00000007e0000000, 0x0000000800000000)
  region size 1024K, 142 young (145408K), 17 survivors (17408K)
 Metaspace       used 68175K, committed 68928K, reserved 393216K
  class space    used 9882K, committed 10240K, reserved 327680K
}
Event: 26.026 GC heap after
{Heap after GC invocations=11 (full 0):
 garbage-first heap   total 262144K, used 93217K [0x00000007e0000000, 0x0000000800000000)
  region size 1024K, 18 young (18432K), 18 survivors (18432K)
 Metaspace       used 68175K, committed 68928K, reserved 393216K
  class space    used 9882K, committed 10240K, reserved 327680K
}
Event: 34.151 GC heap before
{Heap before GC invocations=12 (full 0):
 garbage-first heap   total 262144K, used 203809K [0x00000007e0000000, 0x0000000800000000)
  region size 1024K, 126 young (129024K), 18 survivors (18432K)
 Metaspace       used 71356K, committed 72128K, reserved 393216K
  class space    used 10270K, committed 10624K, reserved 327680K
}
Event: 34.211 GC heap after
{Heap after GC invocations=13 (full 0):
 garbage-first heap   total 262144K, used 104084K [0x00000007e0000000, 0x0000000800000000)
  region size 1024K, 10 young (10240K), 10 survivors (10240K)
 Metaspace       used 71356K, committed 72128K, reserved 393216K
  class space    used 10270K, committed 10624K, reserved 327680K
}
Event: 43.831 GC heap before
{Heap before GC invocations=13 (full 0):
 garbage-first heap   total 262144K, used 206484K [0x00000007e0000000, 0x0000000800000000)
  region size 1024K, 110 young (112640K), 10 survivors (10240K)
 Metaspace       used 75283K, committed 75968K, reserved 458752K
  class space    used 10587K, committed 10880K, reserved 327680K
}
Event: 43.882 GC heap after
{Heap after GC invocations=14 (full 0):
 garbage-first heap   total 262144K, used 109833K [0x00000007e0000000, 0x0000000800000000)
  region size 1024K, 6 young (6144K), 6 survivors (6144K)
 Metaspace       used 75283K, committed 75968K, reserved 458752K
  class space    used 10587K, committed 10880K, reserved 327680K
}
Event: 47.121 GC heap before
{Heap before GC invocations=14 (full 0):
 garbage-first heap   total 262144K, used 210185K [0x00000007e0000000, 0x0000000800000000)
  region size 1024K, 104 young (106496K), 6 survivors (6144K)
 Metaspace       used 75941K, committed 76736K, reserved 458752K
  class space    used 10602K, committed 10944K, reserved 327680K
}
Event: 47.150 GC heap after
{Heap after GC invocations=15 (full 0):
 garbage-first heap   total 262144K, used 114441K [0x00000007e0000000, 0x0000000800000000)
  region size 1024K, 10 young (10240K), 10 survivors (10240K)
 Metaspace       used 75941K, committed 76736K, reserved 458752K
  class space    used 10602K, committed 10944K, reserved 327680K
}
Event: 62.359 GC heap before
{Heap before GC invocations=15 (full 0):
 garbage-first heap   total 262144K, used 211721K [0x00000007e0000000, 0x0000000800000000)
  region size 1024K, 106 young (108544K), 10 survivors (10240K)
 Metaspace       used 77614K, committed 78464K, reserved 458752K
  class space    used 10800K, committed 11200K, reserved 327680K
}
Event: 62.385 GC heap after
{Heap after GC invocations=16 (full 0):
 garbage-first heap   total 262144K, used 113405K [0x00000007e0000000, 0x0000000800000000)
  region size 1024K, 5 young (5120K), 5 survivors (5120K)
 Metaspace       used 77614K, committed 78464K, reserved 458752K
  class space    used 10800K, committed 11200K, reserved 327680K
}
Event: 2224.281 GC heap before
{Heap before GC invocations=16 (full 0):
 garbage-first heap   total 262144K, used 213757K [0x00000007e0000000, 0x0000000800000000)
  region size 1024K, 104 young (106496K), 5 survivors (5120K)
 Metaspace       used 81207K, committed 82112K, reserved 458752K
  class space    used 11278K, committed 11712K, reserved 327680K
}
Event: 2224.294 GC heap after
{Heap after GC invocations=17 (full 0):
 garbage-first heap   total 262144K, used 116321K [0x00000007e0000000, 0x0000000800000000)
  region size 1024K, 8 young (8192K), 8 survivors (8192K)
 Metaspace       used 81207K, committed 82112K, reserved 458752K
  class space    used 11278K, committed 11712K, reserved 327680K
}

